<?xml version="1.0" encoding="UTF-8"?>
<!-- Generated by org.testng.reporters.JUnitReportReporter -->
<testsuite hostname="Krishnas-MacBook-Air.local" failures="0" tests="1" name="rahulshettyacademy.IOSLongPress" time="6.618" errors="0" timestamp="18 Sept 2024 23:09:06 GMT" skipped="0">
  <testcase classname="rahulshettyacademy.IOSLongPress" name="IOSLongPressTest" time="6.618"/>
</testsuite> <!-- rahulshettyacademy.IOSLongPress -->
