<?xml version="1.0" encoding="UTF-8"?>
<!-- Generated by org.testng.reporters.JUnitReportReporter -->
<testsuite hostname="Krishnas-MacBook-Air.local" failures="0" tests="1" name="rahulshettyacademy.MobileBrowserTest" time="7.847" errors="0" timestamp="18 Sept 2024 14:31:20 GMT" skipped="0">
  <testcase classname="rahulshettyacademy.MobileBrowserTest" name="browserTest" time="7.847"/>
</testsuite> <!-- rahulshettyacademy.MobileBrowserTest -->
