<?xml version="1.0" encoding="UTF-8"?>
<!-- Generated by org.testng.reporters.JUnitReportReporter -->
<testsuite hostname="Krishnas-MacBook-Air.local" failures="0" tests="1" name="rahulshettyacademy.IOSSwipeTest" time="6.584" errors="0" timestamp="19 Sept 2024 04:56:32 GMT" skipped="0">
  <testcase classname="rahulshettyacademy.IOSSwipeTest" name="IOSSwipeDemo" time="6.584"/>
</testsuite> <!-- rahulshettyacademy.IOSSwipeTest -->
