<?xml version="1.0" encoding="UTF-8"?>
<!-- Generated by org.testng.reporters.JUnitReportReporter -->
<testsuite hostname="Krishnas-MacBook-Air.local" failures="0" tests="1" name="rahulshettyacademy.eCommerce_tc_1" time="6.679" errors="0" timestamp="18 Sept 2024 00:11:51 GMT" skipped="0">
  <testcase classname="rahulshettyacademy.eCommerce_tc_1" name="FillForm" time="6.679"/>
</testsuite> <!-- rahulshettyacademy.eCommerce_tc_1 -->
