<?xml version="1.0" encoding="UTF-8"?>
<!-- Generated by org.testng.reporters.JUnitReportReporter -->
<testsuite hostname="Krishnas-MacBook-Air.local" failures="0" tests="1" name="rahulshettyacademy.DragDropDemo" time="6.051" errors="0" timestamp="14 Sept 2024 23:55:16 GMT" skipped="0">
  <testcase classname="rahulshettyacademy.DragDropDemo" name="SwipeGestureTest" time="6.051"/>
</testsuite> <!-- rahulshettyacademy.DragDropDemo -->
