<?xml version="1.0" encoding="UTF-8"?>
<!-- Generated by org.testng.reporters.JUnitReportReporter -->
<testsuite hostname="Krishnas-MacBook-Air.local" failures="0" tests="1" name="rahulshettyacademy.LongPressGestures" time="5.504" errors="0" timestamp="14 Sept 2024 19:19:46 GMT" skipped="0">
  <testcase classname="rahulshettyacademy.LongPressGestures" name="longPressGesture" time="5.504"/>
</testsuite> <!-- rahulshettyacademy.LongPressGestures -->
