<?xml version="1.0" encoding="UTF-8"?>
<!-- Generated by org.testng.reporters.JUnitReportReporter -->
<testsuite hostname="Krishnas-MacBook-Air.local" failures="0" tests="1" name="rahulshettyacademy.IOSSlider" time="8.220" errors="0" timestamp="19 Sept 2024 00:46:39 GMT" skipped="0">
  <testcase classname="rahulshettyacademy.IOSSlider" name="IOSSliderTest" time="8.220"/>
</testsuite> <!-- rahulshettyacademy.IOSSlider -->
