<?xml version="1.0" encoding="UTF-8"?>
<!-- Generated by org.testng.reporters.JUnitReportReporter -->
<testsuite hostname="Krishnas-MacBook-Air.local" failures="0" tests="1" name="rahulshettyacademy.eCommerce_tc_2" time="14.868" errors="0" timestamp="18 Sept 2024 00:12:29 GMT" skipped="0">
  <testcase classname="rahulshettyacademy.eCommerce_tc_2" name="FillForm" time="14.868"/>
</testsuite> <!-- rahulshettyacademy.eCommerce_tc_2 -->
