<?xml version="1.0" encoding="UTF-8"?>
<!-- Generated by org.testng.reporters.JUnitReportReporter -->
<testsuite hostname="Krishnas-MacBook-Air.local" failures="0" tests="1" name="rahulshettyacademy.eCommerce_tc_4" time="30.791" errors="0" timestamp="18 Sept 2024 13:02:34 GMT" skipped="0">
  <testcase classname="rahulshettyacademy.eCommerce_tc_4" name="cartPage" time="30.791"/>
</testsuite> <!-- rahulshettyacademy.eCommerce_tc_4 -->
