<?xml version="1.0" encoding="UTF-8"?>
<!-- Generated by org.testng.reporters.JUnitReportReporter -->
<testsuite hostname="Krishnas-MacBook-Air.local" failures="0" tests="1" name="rahulshettyacademy.SwipeDemo" time="3.737" errors="0" timestamp="14 Sept 2024 22:58:01 GMT" skipped="0">
  <testcase classname="rahulshettyacademy.SwipeDemo" name="SwipeGestureTest" time="3.737"/>
</testsuite> <!-- rahulshettyacademy.SwipeDemo -->
