<?xml version="1.0" encoding="UTF-8"?>
<!-- Generated by org.testng.reporters.JUnitReportReporter -->
<testsuite hostname="Krishnas-MacBook-Air.local" failures="0" tests="1" name="rahulshettyacademy.IOSScrollTest" time="7.951" errors="0" timestamp="19 Sept 2024 00:21:26 GMT" skipped="0">
  <testcase classname="rahulshettyacademy.IOSScrollTest" name="IOSScrollTesting" time="7.951"/>
</testsuite> <!-- rahulshettyacademy.IOSScrollTest -->
