<?xml version="1.0" encoding="UTF-8"?>
<!-- Generated by org.testng.reporters.JUnitReportReporter -->
<testsuite hostname="Krishnas-MacBook-Air.local" failures="0" tests="1" name="rahulshettyacademy.AppiumBasics" time="7.635" errors="0" timestamp="19 Sept 2024 13:50:22 GMT" skipped="0">
  <testcase classname="rahulshettyacademy.AppiumBasics" name="WifiSettingsName" time="7.635"/>
</testsuite> <!-- rahulshettyacademy.AppiumBasics -->
