<?xml version="1.0" encoding="UTF-8"?>
<!-- Generated by org.testng.reporters.JUnitReportReporter -->
<testsuite hostname="Krishnas-MacBook-Air.local" failures="0" tests="1" name="rahulshettyacademy.eCommerce_tc_3" time="18.793" errors="0" timestamp="18 Sept 2024 01:46:33 GMT" skipped="0">
  <testcase classname="rahulshettyacademy.eCommerce_tc_3" name="cartPage" time="18.793"/>
</testsuite> <!-- rahulshettyacademy.eCommerce_tc_3 -->
