<?xml version="1.0" encoding="UTF-8"?>
<!-- Generated by org.testng.reporters.JUnitReportReporter -->
<testsuite hostname="Krishnas-MacBook-Air.local" failures="0" tests="1" name="rahulshettyacademy.IOSBasics" time="6.060" errors="0" timestamp="18 Sept 2024 22:01:32 GMT" skipped="0">
  <testcase classname="rahulshettyacademy.IOSBasics" name="IOSBasicsTest" time="6.060"/>
</testsuite> <!-- rahulshettyacademy.IOSBasics -->
