<?xml version="1.0" encoding="UTF-8"?>
<!-- Generated by org.testng.reporters.JUnitReportReporter -->
<testsuite hostname="Krishnas-MacBook-Air.local" failures="0" tests="1" name="rahulshettyacademy.MiscallaneousAppiumActions" time="6.905" errors="0" timestamp="15 Sept 2024 12:39:46 GMT" skipped="0">
  <testcase classname="rahulshettyacademy.MiscallaneousAppiumActions" name="Miscallenous" time="6.905"/>
</testsuite> <!-- rahulshettyacademy.MiscallaneousAppiumActions -->
